# JRE version: OpenJDK Runtime Environment Temurin-11.0.30+7 (11.0.30+7) (build 11.0.30+7)
# Java VM: OpenJDK 64-Bit Server VM Temurin-11.0.30+7 (11.0.30+7, mixed mode, tiered, compressed oops, g1 gc, windows-amd64)
Heap:
 garbage-first heap   total 402432K, used 347809K [0x00000000e0000000, 0x0000000100000000)
  region size 1024K, 11 young (11264K), 2 survivors (2048K)
 Metaspace       used 36137K, capacity 37294K, committed 37504K, reserved 1083392K
  class space    used 3888K, capacity 4363K, committed 4480K, reserved 1048576K
GC Heap History (20 events):
Event: 38.119 GC heap before
{Heap before GC invocations=452 (full 0):
 garbage-first heap   total 402432K, used 357246K [0x00000000e0000000, 0x0000000100000000)
  region size 1024K, 38 young (38912K), 3 survivors (3072K)
 Metaspace       used 35294K, capacity 36307K, committed 36608K, reserved 1081344K
  class space    used 3833K, capacity 4237K, committed 4352K, reserved 1048576K
}
Event: 38.125 GC heap after
{Heap after GC invocations=453 (full 0):
 garbage-first heap   total 402432K, used 321688K [0x00000000e0000000, 0x0000000100000000)
  region size 1024K, 3 young (3072K), 3 survivors (3072K)
 Metaspace       used 35294K, capacity 36307K, committed 36608K, reserved 1081344K
  class space    used 3833K, capacity 4237K, committed 4352K, reserved 1048576K
}
Event: 38.278 GC heap before
{Heap before GC invocations=453 (full 0):
 garbage-first heap   total 402432K, used 357528K [0x00000000e0000000, 0x0000000100000000)
  region size 1024K, 38 young (38912K), 3 survivors (3072K)
 Metaspace       used 35294K, capacity 36307K, committed 36608K, reserved 1081344K
  class space    used 3833K, capacity 4237K, committed 4352K, reserved 1048576K
}
Event: 38.283 GC heap after
{Heap after GC invocations=454 (full 0):
 garbage-first heap   total 402432K, used 322410K [0x00000000e0000000, 0x0000000100000000)
  region size 1024K, 4 young (4096K), 4 survivors (4096K)
 Metaspace       used 35294K, capacity 36307K, committed 36608K, reserved 1081344K
  class space    used 3833K, capacity 4237K, committed 4352K, reserved 1048576K
}
Event: 38.442 GC heap before
{Heap before GC invocations=454 (full 0):
 garbage-first heap   total 402432K, used 356202K [0x00000000e0000000, 0x0000000100000000)
  region size 1024K, 37 young (37888K), 4 survivors (4096K)
 Metaspace       used 35294K, capacity 36307K, committed 36608K, reserved 1081344K
  class space    used 3833K, capacity 4237K, committed 4352K, reserved 1048576K
}
Event: 38.448 GC heap after
{Heap after GC invocations=455 (full 0):
 garbage-first heap   total 402432K, used 322692K [0x00000000e0000000, 0x0000000100000000)
  region size 1024K, 3 young (3072K), 3 survivors (3072K)
 Metaspace       used 35294K, capacity 36307K, committed 36608K, reserved 1081344K
  class space    used 3833K, capacity 4237K, committed 4352K, reserved 1048576K
}
Event: 38.554 GC heap before
{Heap before GC invocations=455 (full 0):
 garbage-first heap   total 402432K, used 357508K [0x00000000e0000000, 0x0000000100000000)
  region size 1024K, 37 young (37888K), 3 survivors (3072K)
 Metaspace       used 35294K, capacity 36307K, committed 36608K, reserved 1081344K
  class space    used 3833K, capacity 4237K, committed 4352K, reserved 1048576K
}
Event: 38.559 GC heap after
{Heap after GC invocations=456 (full 0):
 garbage-first heap   total 402432K, used 323032K [0x00000000e0000000, 0x0000000100000000)
  region size 1024K, 3 young (3072K), 3 survivors (3072K)
 Metaspace       used 35294K, capacity 36307K, committed 36608K, reserved 1081344K
  class space    used 3833K, capacity 4237K, committed 4352K, reserved 1048576K
}
Event: 39.253 GC heap before
{Heap before GC invocations=457 (full 0):
 garbage-first heap   total 402432K, used 357848K [0x00000000e0000000, 0x0000000100000000)
  region size 1024K, 37 young (37888K), 3 survivors (3072K)
 Metaspace       used 35843K, capacity 36964K, committed 37120K, reserved 1081344K
  class space    used 3875K, capacity 4345K, committed 4352K, reserved 1048576K
}
Event: 39.262 GC heap after
{Heap after GC invocations=458 (full 0):
 garbage-first heap   total 402432K, used 325256K [0x00000000e0000000, 0x0000000100000000)
  region size 1024K, 5 young (5120K), 5 survivors (5120K)
 Metaspace       used 35843K, capacity 36964K, committed 37120K, reserved 1081344K
  class space    used 3875K, capacity 4345K, committed 4352K, reserved 1048576K
}
Event: 39.491 GC heap before
{Heap before GC invocations=458 (full 0):
 garbage-first heap   total 402432K, used 355976K [0x00000000e0000000, 0x0000000100000000)
  region size 1024K, 35 young (35840K), 5 survivors (5120K)
 Metaspace       used 35945K, capacity 37062K, committed 37248K, reserved 1081344K
  class space    used 3880K, capacity 4354K, committed 4480K, reserved 1048576K
}
Event: 39.505 GC heap after
{Heap after GC invocations=459 (full 0):
 garbage-first heap   total 402432K, used 328057K [0x00000000e0000000, 0x0000000100000000)
  region size 1024K, 5 young (5120K), 5 survivors (5120K)
 Metaspace       used 35945K, capacity 37062K, committed 37248K, reserved 1081344K
  class space    used 3880K, capacity 4354K, committed 4480K, reserved 1048576K
}
Event: 39.688 GC heap before
{Heap before GC invocations=459 (full 0):
 garbage-first heap   total 402432K, used 355705K [0x00000000e0000000, 0x0000000100000000)
  region size 1024K, 32 young (32768K), 5 survivors (5120K)
 Metaspace       used 36017K, capacity 37135K, committed 37504K, reserved 1083392K
  class space    used 3884K, capacity 4356K, committed 4480K, reserved 1048576K
}
Event: 39.696 GC heap after
{Heap after GC invocations=460 (full 0):
 garbage-first heap   total 402432K, used 331071K [0x00000000e0000000, 0x0000000100000000)
  region size 1024K, 3 young (3072K), 3 survivors (3072K)
 Metaspace       used 36017K, capacity 37135K, committed 37504K, reserved 1083392K
  class space    used 3884K, capacity 4356K, committed 4480K, reserved 1048576K
}
Event: 39.857 GC heap before
{Heap before GC invocations=460 (full 0):
 garbage-first heap   total 402432K, used 355647K [0x00000000e0000000, 0x0000000100000000)
  region size 1024K, 27 young (27648K), 3 survivors (3072K)
 Metaspace       used 36065K, capacity 37212K, committed 37504K, reserved 1083392K
  class space    used 3885K, capacity 4358K, committed 4480K, reserved 1048576K
}
Event: 39.862 GC heap after
{Heap after GC invocations=461 (full 0):
 garbage-first heap   total 402432K, used 333460K [0x00000000e0000000, 0x0000000100000000)
  region size 1024K, 3 young (3072K), 3 survivors (3072K)
 Metaspace       used 36065K, capacity 37212K, committed 37504K, reserved 1083392K
  class space    used 3885K, capacity 4358K, committed 4480K, reserved 1048576K
}
Event: 39.944 GC heap before
{Heap before GC invocations=461 (full 0):
 garbage-first heap   total 402432K, used 354964K [0x00000000e0000000, 0x0000000100000000)
  region size 1024K, 24 young (24576K), 3 survivors (3072K)
 Metaspace       used 36069K, capacity 37212K, committed 37504K, reserved 1083392K
  class space    used 3885K, capacity 4358K, committed 4480K, reserved 1048576K
}
Event: 39.948 GC heap after
{Heap after GC invocations=462 (full 0):
 garbage-first heap   total 402432K, used 335465K [0x00000000e0000000, 0x0000000100000000)
  region size 1024K, 2 young (2048K), 2 survivors (2048K)
 Metaspace       used 36069K, capacity 37212K, committed 37504K, reserved 1083392K
  class space    used 3885K, capacity 4358K, committed 4480K, reserved 1048576K
}
Event: 40.041 GC heap before
{Heap before GC invocations=462 (full 0):
 garbage-first heap   total 402432K, used 355945K [0x00000000e0000000, 0x0000000100000000)
  region size 1024K, 22 young (22528K), 2 survivors (2048K)
 Metaspace       used 36099K, capacity 37224K, committed 37504K, reserved 1083392K
  class space    used 3887K, capacity 4361K, committed 4480K, reserved 1048576K
}
Event: 40.044 GC heap after
{Heap after GC invocations=463 (full 0):
 garbage-first heap   total 402432K, used 337549K [0x00000000e0000000, 0x0000000100000000)
  region size 1024K, 2 young (2048K), 2 survivors (2048K)
 Metaspace       used 36099K, capacity 37224K, committed 37504K, reserved 1083392K
  class space    used 3887K, capacity 4361K, committed 4480K, reserved 1048576K
}

