# JRE version: OpenJDK Runtime Environment Temurin-11.0.30+7 (11.0.30+7) (build 11.0.30+7)
# Java VM: OpenJDK 64-Bit Server VM Temurin-11.0.30+7 (11.0.30+7, mixed mode, tiered, compressed oops, g1 gc, windows-amd64)
Heap:
 garbage-first heap   total 121856K, used 64039K [0x00000000e0000000, 0x0000000100000000)
  region size 1024K, 11 young (11264K), 3 survivors (3072K)
 Metaspace       used 34384K, capacity 35373K, committed 35456K, reserved 1081344K
  class space    used 3756K, capacity 4179K, committed 4224K, reserved 1048576K
GC Heap History (20 events):
Event: 3.834 GC heap after
{Heap after GC invocations=2 (full 0):
 garbage-first heap   total 118784K, used 8126K [0x00000000e0000000, 0x0000000100000000)
  region size 1024K, 2 young (2048K), 2 survivors (2048K)
 Metaspace       used 17742K, capacity 18345K, committed 18560K, reserved 1064960K
  class space    used 1912K, capacity 2153K, committed 2176K, reserved 1048576K
}
Event: 4.436 GC heap before
{Heap before GC invocations=2 (full 0):
 garbage-first heap   total 118784K, used 24510K [0x00000000e0000000, 0x0000000100000000)
  region size 1024K, 19 young (19456K), 2 survivors (2048K)
 Metaspace       used 20571K, capacity 21169K, committed 21296K, reserved 1069056K
  class space    used 2185K, capacity 2409K, committed 2432K, reserved 1048576K
}
Event: 4.444 GC heap after
{Heap after GC invocations=3 (full 0):
 garbage-first heap   total 118784K, used 9438K [0x00000000e0000000, 0x0000000100000000)
  region size 1024K, 3 young (3072K), 3 survivors (3072K)
 Metaspace       used 20571K, capacity 21169K, committed 21296K, reserved 1069056K
  class space    used 2185K, capacity 2409K, committed 2432K, reserved 1048576K
}
Event: 5.952 GC heap before
{Heap before GC invocations=4 (full 0):
 garbage-first heap   total 118784K, used 63710K [0x00000000e0000000, 0x0000000100000000)
  region size 1024K, 54 young (55296K), 3 survivors (3072K)
 Metaspace       used 27589K, capacity 28460K, committed 28544K, reserved 1075200K
  class space    used 2865K, capacity 3195K, committed 3200K, reserved 1048576K
}
Event: 5.963 GC heap after
{Heap after GC invocations=5 (full 0):
 garbage-first heap   total 118784K, used 15020K [0x00000000e0000000, 0x0000000100000000)
  region size 1024K, 7 young (7168K), 7 survivors (7168K)
 Metaspace       used 27589K, capacity 28460K, committed 28544K, reserved 1075200K
  class space    used 2865K, capacity 3195K, committed 3200K, reserved 1048576K
}
Event: 6.593 GC heap before
{Heap before GC invocations=5 (full 0):
 garbage-first heap   total 118784K, used 106156K [0x00000000e0000000, 0x0000000100000000)
  region size 1024K, 57 young (58368K), 7 survivors (7168K)
 Metaspace       used 28423K, capacity 29233K, committed 29440K, reserved 1075200K
  class space    used 2974K, capacity 3308K, committed 3328K, reserved 1048576K
}
Event: 6.611 GC heap after
{Heap after GC invocations=6 (full 0):
 garbage-first heap   total 121856K, used 29117K [0x00000000e0000000, 0x0000000100000000)
  region size 1024K, 6 young (6144K), 6 survivors (6144K)
 Metaspace       used 28423K, capacity 29233K, committed 29440K, reserved 1075200K
  class space    used 2974K, capacity 3308K, committed 3328K, reserved 1048576K
}
Event: 7.558 GC heap before
{Heap before GC invocations=7 (full 0):
 garbage-first heap   total 121856K, used 86461K [0x00000000e0000000, 0x0000000100000000)
  region size 1024K, 57 young (58368K), 6 survivors (6144K)
 Metaspace       used 30206K, capacity 31089K, committed 31232K, reserved 1077248K
  class space    used 3183K, capacity 3520K, committed 3584K, reserved 1048576K
}
Event: 7.567 GC heap after
{Heap after GC invocations=8 (full 0):
 garbage-first heap   total 121856K, used 29232K [0x00000000e0000000, 0x0000000100000000)
  region size 1024K, 6 young (6144K), 6 survivors (6144K)
 Metaspace       used 30206K, capacity 31089K, committed 31232K, reserved 1077248K
  class space    used 3183K, capacity 3520K, committed 3584K, reserved 1048576K
}
Event: 8.413 GC heap before
{Heap before GC invocations=8 (full 0):
 garbage-first heap   total 121856K, used 103984K [0x00000000e0000000, 0x0000000100000000)
  region size 1024K, 51 young (52224K), 6 survivors (6144K)
 Metaspace       used 31284K, capacity 32284K, committed 32384K, reserved 1077248K
  class space    used 3301K, capacity 3702K, committed 3712K, reserved 1048576K
}
Event: 8.428 GC heap after
{Heap after GC invocations=9 (full 0):
 garbage-first heap   total 121856K, used 47487K [0x00000000e0000000, 0x0000000100000000)
  region size 1024K, 7 young (7168K), 7 survivors (7168K)
 Metaspace       used 31284K, capacity 32284K, committed 32384K, reserved 1077248K
  class space    used 3301K, capacity 3702K, committed 3712K, reserved 1048576K
}
Event: 8.787 GC heap before
{Heap before GC invocations=10 (full 0):
 garbage-first heap   total 121856K, used 74111K [0x00000000e0000000, 0x0000000100000000)
  region size 1024K, 16 young (16384K), 7 survivors (7168K)
 Metaspace       used 32455K, capacity 33474K, committed 33664K, reserved 1079296K
  class space    used 3536K, capacity 3951K, committed 3968K, reserved 1048576K
}
Event: 8.796 GC heap after
{Heap after GC invocations=11 (full 0):
 garbage-first heap   total 121856K, used 42985K [0x00000000e0000000, 0x0000000100000000)
  region size 1024K, 2 young (2048K), 2 survivors (2048K)
 Metaspace       used 32455K, capacity 33474K, committed 33664K, reserved 1079296K
  class space    used 3536K, capacity 3951K, committed 3968K, reserved 1048576K
}
Event: 9.537 GC heap before
{Heap before GC invocations=12 (full 0):
 garbage-first heap   total 121856K, used 99305K [0x00000000e0000000, 0x0000000100000000)
  region size 1024K, 37 young (37888K), 2 survivors (2048K)
 Metaspace       used 34170K, capacity 35149K, committed 35456K, reserved 1081344K
  class space    used 3753K, capacity 4147K, committed 4224K, reserved 1048576K
}
Event: 9.541 GC heap after
{Heap after GC invocations=13 (full 0):
 garbage-first heap   total 121856K, used 52894K [0x00000000e0000000, 0x0000000100000000)
  region size 1024K, 3 young (3072K), 3 survivors (3072K)
 Metaspace       used 34170K, capacity 35149K, committed 35456K, reserved 1081344K
  class space    used 3753K, capacity 4147K, committed 4224K, reserved 1048576K
}
Event: 9.946 GC heap before
{Heap before GC invocations=13 (full 0):
 garbage-first heap   total 121856K, used 85662K [0x00000000e0000000, 0x0000000100000000)
  region size 1024K, 35 young (35840K), 3 survivors (3072K)
 Metaspace       used 34297K, capacity 35277K, committed 35456K, reserved 1081344K
  class space    used 3753K, capacity 4147K, committed 4224K, reserved 1048576K
}
Event: 9.951 GC heap after
{Heap after GC invocations=14 (full 0):
 garbage-first heap   total 121856K, used 54823K [0x00000000e0000000, 0x0000000100000000)
  region size 1024K, 4 young (4096K), 4 survivors (4096K)
 Metaspace       used 34297K, capacity 35277K, committed 35456K, reserved 1081344K
  class space    used 3753K, capacity 4147K, committed 4224K, reserved 1048576K
}
Event: 10.247 GC heap before
{Heap before GC invocations=14 (full 0):
 garbage-first heap   total 121856K, used 89639K [0x00000000e0000000, 0x0000000100000000)
  region size 1024K, 38 young (38912K), 4 survivors (4096K)
 Metaspace       used 34355K, capacity 35373K, committed 35456K, reserved 1081344K
  class space    used 3756K, capacity 4179K, committed 4224K, reserved 1048576K
}
Event: 10.254 GC heap after
{Heap after GC invocations=15 (full 0):
 garbage-first heap   total 121856K, used 56406K [0x00000000e0000000, 0x0000000100000000)
  region size 1024K, 4 young (4096K), 4 survivors (4096K)
 Metaspace       used 34355K, capacity 35373K, committed 35456K, reserved 1081344K
  class space    used 3756K, capacity 4179K, committed 4224K, reserved 1048576K
}
Event: 10.464 GC heap before
{Heap before GC invocations=15 (full 0):
 garbage-first heap   total 121856K, used 91222K [0x00000000e0000000, 0x0000000100000000)
  region size 1024K, 38 young (38912K), 4 survivors (4096K)
 Metaspace       used 34377K, capacity 35373K, committed 35456K, reserved 1081344K
  class space    used 3756K, capacity 4179K, committed 4224K, reserved 1048576K
}

